The system is: Windows - 10.0.16299 - AMD64
Compiling the C compiler identification source file "CMakeCCompilerId.c" succeeded.
Compiler: C:/Program Files (x86)/Microsoft Visual Studio/2017/Community/VC/Tools/MSVC/14.16.27023/bin/Hostx86/x86/cl.exe 
Build flags: 
Id flags:  

The output was:
0
Оптимизирующий компилятор Microsoft (R) C/C++ версии 19.16.27026.1 для x86
(C) Корпорация Майкрософт (Microsoft Corporation).  Все права защищены.

CMakeCCompilerId.c
Microsoft (R) Incremental Linker Version 14.16.27026.1
Copyright (C) Microsoft Corporation.  All rights reserved.

/out:CMakeCCompilerId.exe 
CMakeCCompilerId.obj 


Compilation of the C compiler identification source "CMakeCCompilerId.c" produced "CMakeCCompilerId.exe"

Compilation of the C compiler identification source "CMakeCCompilerId.c" produced "CMakeCCompilerId.obj"

The C compiler identification is MSVC, found in "C:/School21/bitbucket/fillitnew/libft/cmake-build-debug/CMakeFiles/3.13.2/CompilerIdC/CMakeCCompilerId.exe"

Determining if the C compiler works passed with the following output:
Change Dir: C:/School21/bitbucket/fillitnew/libft/cmake-build-debug/CMakeFiles/CMakeTmp

Run Build Command:"nmake" "/nologo" "cmTC_359bf\fast"
	"C:\Program Files (x86)\Microsoft Visual Studio\2017\Community\VC\Tools\MSVC\14.16.27023\bin\HostX86\x86\nmake.exe" -f CMakeFiles\cmTC_359bf.dir\build.make /nologo -L                  CMakeFiles\cmTC_359bf.dir\build
Building C object CMakeFiles/cmTC_359bf.dir/testCCompiler.c.obj
	C:\PROGRA~2\MIB055~1\2017\COMMUN~1\VC\Tools\MSVC\1416~1.270\bin\Hostx86\x86\cl.exe @C:\Users\Cricun_2\AppData\Local\Temp\nmF695.tmp
testCCompiler.c
Linking C executable cmTC_359bf.exe
	"C:\Program Files\CLion 2018.3.3\bin\cmake\win\bin\cmake.exe" -E vs_link_exe --intdir=CMakeFiles\cmTC_359bf.dir --manifests  -- C:\PROGRA~2\MIB055~1\2017\COMMUN~1\VC\Tools\MSVC\1416~1.270\bin\Hostx86\x86\link.exe /nologo @CMakeFiles\cmTC_359bf.dir\objects1.rsp @C:\Users\Cricun_2\AppData\Local\Temp\nmF704.tmp


Detecting C compiler ABI info compiled with the following output:
Change Dir: C:/School21/bitbucket/fillitnew/libft/cmake-build-debug/CMakeFiles/CMakeTmp

Run Build Command:"nmake" "/nologo" "cmTC_337b3\fast"
	"C:\Program Files (x86)\Microsoft Visual Studio\2017\Community\VC\Tools\MSVC\14.16.27023\bin\HostX86\x86\nmake.exe" -f CMakeFiles\cmTC_337b3.dir\build.make /nologo -L                  CMakeFiles\cmTC_337b3.dir\build
Building C object CMakeFiles/cmTC_337b3.dir/CMakeCCompilerABI.c.obj
	C:\PROGRA~2\MIB055~1\2017\COMMUN~1\VC\Tools\MSVC\1416~1.270\bin\Hostx86\x86\cl.exe @C:\Users\Cricun_2\AppData\Local\Temp\nmFAAC.tmp
CMakeCCompilerABI.c
Linking C executable cmTC_337b3.exe
	"C:\Program Files\CLion 2018.3.3\bin\cmake\win\bin\cmake.exe" -E vs_link_exe --intdir=CMakeFiles\cmTC_337b3.dir --manifests  -- C:\PROGRA~2\MIB055~1\2017\COMMUN~1\VC\Tools\MSVC\1416~1.270\bin\Hostx86\x86\link.exe /nologo @CMakeFiles\cmTC_337b3.dir\objects1.rsp @C:\Users\Cricun_2\AppData\Local\Temp\nmFB1B.tmp




Detecting C [] compiler features compiled with the following output:
Change Dir: C:/School21/bitbucket/fillitnew/libft/cmake-build-debug/CMakeFiles/CMakeTmp

Run Build Command:"nmake" "/nologo" "cmTC_518e9\fast"
	"C:\Program Files (x86)\Microsoft Visual Studio\2017\Community\VC\Tools\MSVC\14.16.27023\bin\HostX86\x86\nmake.exe" -f CMakeFiles\cmTC_518e9.dir\build.make /nologo -L                  CMakeFiles\cmTC_518e9.dir\build
Building C object CMakeFiles/cmTC_518e9.dir/feature_tests.c.obj
	C:\PROGRA~2\MIB055~1\2017\COMMUN~1\VC\Tools\MSVC\1416~1.270\bin\Hostx86\x86\cl.exe @C:\Users\Cricun_2\AppData\Local\Temp\nmFF02.tmp
feature_tests.c
Linking C executable cmTC_518e9.exe
	"C:\Program Files\CLion 2018.3.3\bin\cmake\win\bin\cmake.exe" -E vs_link_exe --intdir=CMakeFiles\cmTC_518e9.dir --manifests  -- C:\PROGRA~2\MIB055~1\2017\COMMUN~1\VC\Tools\MSVC\1416~1.270\bin\Hostx86\x86\link.exe /nologo @CMakeFiles\cmTC_518e9.dir\objects1.rsp @C:\Users\Cricun_2\AppData\Local\Temp\nmFF70.tmp


    Feature record: C_FEATURE:1c_function_prototypes
    Feature record: C_FEATURE:1c_variadic_macros
